<?xml version="1.0" encoding="UTF-8"?>
<testng-results skipped="0" failed="0" total="2" passed="2">
  <reporter-output>
  </reporter-output>
  <suite name="Default suite" duration-ms="19682" started-at="2022-11-25T14:35:24Z" finished-at="2022-11-25T14:35:44Z">
    <groups>
    </groups>
    <test name="Default test" duration-ms="19682" started-at="2022-11-25T14:35:24Z" finished-at="2022-11-25T14:35:44Z">
      <class name="org.mavengithub.MainClass">
        <test-method status="PASS" signature="launchBrow()[pri:0, instance:org.mavengithub.MainClass@3d8c7aca]" name="launchBrow" is-config="true" duration-ms="12591" started-at="2022-11-25T20:05:24Z" finished-at="2022-11-25T20:05:37Z">
          <reporter-output>
          </reporter-output>
        </test-method> <!-- launchBrow -->
        <test-method status="PASS" signature="loginpage()[pri:0, instance:org.mavengithub.MainClass@3d8c7aca]" name="loginpage" duration-ms="5830" started-at="2022-11-25T20:05:37Z" finished-at="2022-11-25T20:05:43Z">
          <reporter-output>
          </reporter-output>
        </test-method> <!-- loginpage -->
        <test-method status="PASS" signature="firstPageTC()[pri:0, instance:org.mavengithub.MainClass@3d8c7aca]" name="firstPageTC" duration-ms="1236" started-at="2022-11-25T20:05:43Z" depends-on-methods="org.mavengithub.MainClass.loginpage" finished-at="2022-11-25T20:05:44Z">
          <reporter-output>
          </reporter-output>
        </test-method> <!-- firstPageTC -->
      </class> <!-- org.mavengithub.MainClass -->
    </test> <!-- Default test -->
  </suite> <!-- Default suite -->
</testng-results>
